C:\Program Files\Microsoft Visual Studio\2022\Professional\MSBuild\Microsoft\VC\v170\Microsoft.CppBuild.targets(531,5): warning MSB8028: El directorio intermedio (x64\Debug\) contiene archivos compartidos de otro proyecto (GoldEngine.vcxproj). Esto puede dar lugar a un comportamiento incorrecto de limpieza y recompilación.
  AudioManager.cpp
E:\VS\GoldEngine2D\source\Components\Camera\Camera2D.h(3,10): warning C4067: símbolos (token) inesperados después de la directiva del preprocesador; se esperaba una nueva línea
E:\VS\GoldEngine2D\source\Components\Camera\Camera2D.h(54,33): warning C4244: 'inicializando': conversión de 'double' a 'float'; posible pérdida de datos
E:\VS\GoldEngine2D\source\Components\Camera\Camera2D.h(55,33): warning C4244: 'inicializando': conversión de 'double' a 'float'; posible pérdida de datos
E:\VS\GoldEngine2D\source\Components\Camera\Camera2D.h(56,33): warning C4244: 'inicializando': conversión de 'double' a 'float'; posible pérdida de datos
  AudioSource.cpp
E:\VS\GoldEngine2D\source\Components\Camera\Camera2D.h(3,10): warning C4067: símbolos (token) inesperados después de la directiva del preprocesador; se esperaba una nueva línea
E:\VS\GoldEngine2D\source\Components\Camera\Camera2D.h(54,33): warning C4244: 'inicializando': conversión de 'double' a 'float'; posible pérdida de datos
E:\VS\GoldEngine2D\source\Components\Camera\Camera2D.h(55,33): warning C4244: 'inicializando': conversión de 'double' a 'float'; posible pérdida de datos
E:\VS\GoldEngine2D\source\Components\Camera\Camera2D.h(56,33): warning C4244: 'inicializando': conversión de 'double' a 'float'; posible pérdida de datos
  DrawBox.cpp
E:\VS\GoldEngine2D\source\Components\Camera\Camera2D.h(3,10): warning C4067: símbolos (token) inesperados después de la directiva del preprocesador; se esperaba una nueva línea
E:\VS\GoldEngine2D\source\Components\Camera\Camera2D.h(54,33): warning C4244: 'inicializando': conversión de 'double' a 'float'; posible pérdida de datos
E:\VS\GoldEngine2D\source\Components\Camera\Camera2D.h(55,33): warning C4244: 'inicializando': conversión de 'double' a 'float'; posible pérdida de datos
E:\VS\GoldEngine2D\source\Components\Camera\Camera2D.h(56,33): warning C4244: 'inicializando': conversión de 'double' a 'float'; posible pérdida de datos
  ComponentFactory.cpp
E:\VS\GoldEngine2D\source\Graphics\RunEngine.h(1,10): warning C4067: símbolos (token) inesperados después de la directiva del preprocesador; se esperaba una nueva línea
E:\VS\GoldEngine2D\source\Graphics\RunEngine.h(2,10): warning C4067: símbolos (token) inesperados después de la directiva del preprocesador; se esperaba una nueva línea
E:\VS\GoldEngine2D\source\Components\Camera\Camera2D.h(3,10): warning C4067: símbolos (token) inesperados después de la directiva del preprocesador; se esperaba una nueva línea
E:\VS\GoldEngine2D\source\Components\Camera\Camera2D.h(54,33): warning C4244: 'inicializando': conversión de 'double' a 'float'; posible pérdida de datos
E:\VS\GoldEngine2D\source\Components\Camera\Camera2D.h(55,33): warning C4244: 'inicializando': conversión de 'double' a 'float'; posible pérdida de datos
E:\VS\GoldEngine2D\source\Components\Camera\Camera2D.h(56,33): warning C4244: 'inicializando': conversión de 'double' a 'float'; posible pérdida de datos
E:\VS\GoldEngine2D\source\Components\Physics\RigidBody.h(8,14): warning C4099: 'b2Body': nombre de tipo visto anteriormente usando 'class' ahora se ve usando 'struct'
E:\VS\GoldEngine2D\Binarys\include\box2d\b2_joint.h(29,7): message : vea la declaración de 'b2Body'
E:\VS\GoldEngine2D\source\Components\Physics\RigidBody.h(9,22): warning C4099: 'b2PolygonShape': nombre de tipo visto anteriormente usando 'class' ahora se ve usando 'struct'
E:\VS\GoldEngine2D\Binarys\include\box2d\b2_polygon_shape.h(34,14): message : vea la declaración de 'b2PolygonShape'
  ECS.cpp
E:\VS\GoldEngine2D\source\Graphics\RunEngine.h(1,10): warning C4067: símbolos (token) inesperados después de la directiva del preprocesador; se esperaba una nueva línea
E:\VS\GoldEngine2D\source\Graphics\RunEngine.h(2,10): warning C4067: símbolos (token) inesperados después de la directiva del preprocesador; se esperaba una nueva línea
E:\VS\GoldEngine2D\source\Components\Camera\Camera2D.h(3,10): warning C4067: símbolos (token) inesperados después de la directiva del preprocesador; se esperaba una nueva línea
E:\VS\GoldEngine2D\source\Components\Camera\Camera2D.h(54,33): warning C4244: 'inicializando': conversión de 'double' a 'float'; posible pérdida de datos
E:\VS\GoldEngine2D\source\Components\Camera\Camera2D.h(55,33): warning C4244: 'inicializando': conversión de 'double' a 'float'; posible pérdida de datos
E:\VS\GoldEngine2D\source\Components\Camera\Camera2D.h(56,33): warning C4244: 'inicializando': conversión de 'double' a 'float'; posible pérdida de datos
E:\VS\GoldEngine2D\source\Components\Physics\RigidBody.h(8,14): warning C4099: 'b2Body': nombre de tipo visto anteriormente usando 'class' ahora se ve usando 'struct'
E:\VS\GoldEngine2D\Binarys\include\box2d\b2_joint.h(29,7): message : vea la declaración de 'b2Body'
E:\VS\GoldEngine2D\source\Components\Physics\RigidBody.h(9,22): warning C4099: 'b2PolygonShape': nombre de tipo visto anteriormente usando 'class' ahora se ve usando 'struct'
E:\VS\GoldEngine2D\Binarys\include\box2d\b2_polygon_shape.h(34,14): message : vea la declaración de 'b2PolygonShape'
  Light.cpp
E:\VS\GoldEngine2D\source\Graphics\RunEngine.h(1,10): warning C4067: símbolos (token) inesperados después de la directiva del preprocesador; se esperaba una nueva línea
E:\VS\GoldEngine2D\source\Graphics\RunEngine.h(2,10): warning C4067: símbolos (token) inesperados después de la directiva del preprocesador; se esperaba una nueva línea
E:\VS\GoldEngine2D\source\Components\Camera\Camera2D.h(3,10): warning C4067: símbolos (token) inesperados después de la directiva del preprocesador; se esperaba una nueva línea
E:\VS\GoldEngine2D\source\Components\Camera\Camera2D.h(54,33): warning C4244: 'inicializando': conversión de 'double' a 'float'; posible pérdida de datos
E:\VS\GoldEngine2D\source\Components\Camera\Camera2D.h(55,33): warning C4244: 'inicializando': conversión de 'double' a 'float'; posible pérdida de datos
E:\VS\GoldEngine2D\source\Components\Camera\Camera2D.h(56,33): warning C4244: 'inicializando': conversión de 'double' a 'float'; posible pérdida de datos
E:\VS\GoldEngine2D\source\Components\Physics\RigidBody.h(8,14): warning C4099: 'b2Body': nombre de tipo visto anteriormente usando 'class' ahora se ve usando 'struct'
E:\VS\GoldEngine2D\Binarys\include\box2d\b2_joint.h(29,7): message : vea la declaración de 'b2Body'
E:\VS\GoldEngine2D\source\Components\Physics\RigidBody.h(9,22): warning C4099: 'b2PolygonShape': nombre de tipo visto anteriormente usando 'class' ahora se ve usando 'struct'
E:\VS\GoldEngine2D\Binarys\include\box2d\b2_polygon_shape.h(34,14): message : vea la declaración de 'b2PolygonShape'
  RigidBody.cpp
E:\VS\GoldEngine2D\source\Graphics\RunEngine.h(1,10): warning C4067: símbolos (token) inesperados después de la directiva del preprocesador; se esperaba una nueva línea
E:\VS\GoldEngine2D\source\Graphics\RunEngine.h(2,10): warning C4067: símbolos (token) inesperados después de la directiva del preprocesador; se esperaba una nueva línea
E:\VS\GoldEngine2D\source\Components\Camera\Camera2D.h(3,10): warning C4067: símbolos (token) inesperados después de la directiva del preprocesador; se esperaba una nueva línea
E:\VS\GoldEngine2D\source\Components\Camera\Camera2D.h(54,33): warning C4244: 'inicializando': conversión de 'double' a 'float'; posible pérdida de datos
E:\VS\GoldEngine2D\source\Components\Camera\Camera2D.h(55,33): warning C4244: 'inicializando': conversión de 'double' a 'float'; posible pérdida de datos
E:\VS\GoldEngine2D\source\Components\Camera\Camera2D.h(56,33): warning C4244: 'inicializando': conversión de 'double' a 'float'; posible pérdida de datos
E:\VS\GoldEngine2D\source\Components\Physics\RigidBody.h(8,14): warning C4099: 'b2Body': nombre de tipo visto anteriormente usando 'class' ahora se ve usando 'struct'
E:\VS\GoldEngine2D\Binarys\include\box2d\b2_joint.h(29,7): message : vea la declaración de 'b2Body'
E:\VS\GoldEngine2D\source\Components\Physics\RigidBody.h(9,22): warning C4099: 'b2PolygonShape': nombre de tipo visto anteriormente usando 'class' ahora se ve usando 'struct'
E:\VS\GoldEngine2D\Binarys\include\box2d\b2_polygon_shape.h(34,14): message : vea la declaración de 'b2PolygonShape'
  TriggerModule.cpp
E:\VS\GoldEngine2D\source\Graphics\RunEngine.h(1,10): warning C4067: símbolos (token) inesperados después de la directiva del preprocesador; se esperaba una nueva línea
E:\VS\GoldEngine2D\source\Graphics\RunEngine.h(2,10): warning C4067: símbolos (token) inesperados después de la directiva del preprocesador; se esperaba una nueva línea
E:\VS\GoldEngine2D\source\Components\Camera\Camera2D.h(3,10): warning C4067: símbolos (token) inesperados después de la directiva del preprocesador; se esperaba una nueva línea
E:\VS\GoldEngine2D\source\Components\Camera\Camera2D.h(54,33): warning C4244: 'inicializando': conversión de 'double' a 'float'; posible pérdida de datos
E:\VS\GoldEngine2D\source\Components\Camera\Camera2D.h(55,33): warning C4244: 'inicializando': conversión de 'double' a 'float'; posible pérdida de datos
E:\VS\GoldEngine2D\source\Components\Camera\Camera2D.h(56,33): warning C4244: 'inicializando': conversión de 'double' a 'float'; posible pérdida de datos
E:\VS\GoldEngine2D\source\Components\Physics\RigidBody.h(8,14): warning C4099: 'b2Body': nombre de tipo visto anteriormente usando 'class' ahora se ve usando 'struct'
E:\VS\GoldEngine2D\Binarys\include\box2d\b2_joint.h(29,7): message : vea la declaración de 'b2Body'
E:\VS\GoldEngine2D\source\Components\Physics\RigidBody.h(9,22): warning C4099: 'b2PolygonShape': nombre de tipo visto anteriormente usando 'class' ahora se ve usando 'struct'
E:\VS\GoldEngine2D\Binarys\include\box2d\b2_polygon_shape.h(34,14): message : vea la declaración de 'b2PolygonShape'
  SaveSystem.cpp
E:\VS\GoldEngine2D\source\Graphics\RunEngine.h(1,10): warning C4067: símbolos (token) inesperados después de la directiva del preprocesador; se esperaba una nueva línea
E:\VS\GoldEngine2D\source\Graphics\RunEngine.h(2,10): warning C4067: símbolos (token) inesperados después de la directiva del preprocesador; se esperaba una nueva línea
E:\VS\GoldEngine2D\source\Components\Camera\Camera2D.h(3,10): warning C4067: símbolos (token) inesperados después de la directiva del preprocesador; se esperaba una nueva línea
E:\VS\GoldEngine2D\source\Components\Camera\Camera2D.h(54,33): warning C4244: 'inicializando': conversión de 'double' a 'float'; posible pérdida de datos
E:\VS\GoldEngine2D\source\Components\Camera\Camera2D.h(55,33): warning C4244: 'inicializando': conversión de 'double' a 'float'; posible pérdida de datos
E:\VS\GoldEngine2D\source\Components\Camera\Camera2D.h(56,33): warning C4244: 'inicializando': conversión de 'double' a 'float'; posible pérdida de datos
E:\VS\GoldEngine2D\source\Components\Physics\RigidBody.h(8,14): warning C4099: 'b2Body': nombre de tipo visto anteriormente usando 'class' ahora se ve usando 'struct'
E:\VS\GoldEngine2D\Binarys\include\box2d\b2_joint.h(29,7): message : vea la declaración de 'b2Body'
E:\VS\GoldEngine2D\source\Components\Physics\RigidBody.h(9,22): warning C4099: 'b2PolygonShape': nombre de tipo visto anteriormente usando 'class' ahora se ve usando 'struct'
E:\VS\GoldEngine2D\Binarys\include\box2d\b2_polygon_shape.h(34,14): message : vea la declaración de 'b2PolygonShape'
  Scene.cpp
E:\VS\GoldEngine2D\source\Components\Camera\Camera2D.h(3,10): warning C4067: símbolos (token) inesperados después de la directiva del preprocesador; se esperaba una nueva línea
E:\VS\GoldEngine2D\source\Components\Camera\Camera2D.h(54,33): warning C4244: 'inicializando': conversión de 'double' a 'float'; posible pérdida de datos
E:\VS\GoldEngine2D\source\Components\Camera\Camera2D.h(55,33): warning C4244: 'inicializando': conversión de 'double' a 'float'; posible pérdida de datos
E:\VS\GoldEngine2D\source\Components\Camera\Camera2D.h(56,33): warning C4244: 'inicializando': conversión de 'double' a 'float'; posible pérdida de datos
E:\VS\GoldEngine2D\source\Graphics\RunEngine.h(1,10): warning C4067: símbolos (token) inesperados después de la directiva del preprocesador; se esperaba una nueva línea
E:\VS\GoldEngine2D\source\Graphics\RunEngine.h(2,10): warning C4067: símbolos (token) inesperados después de la directiva del preprocesador; se esperaba una nueva línea
E:\VS\GoldEngine2D\source\Components\Physics\RigidBody.h(8,14): warning C4099: 'b2Body': nombre de tipo visto anteriormente usando 'class' ahora se ve usando 'struct'
E:\VS\GoldEngine2D\Binarys\include\box2d\b2_joint.h(29,7): message : vea la declaración de 'b2Body'
E:\VS\GoldEngine2D\source\Components\Physics\RigidBody.h(9,22): warning C4099: 'b2PolygonShape': nombre de tipo visto anteriormente usando 'class' ahora se ve usando 'struct'
E:\VS\GoldEngine2D\Binarys\include\box2d\b2_polygon_shape.h(34,14): message : vea la declaración de 'b2PolygonShape'
  SceneManager.cpp
E:\VS\GoldEngine2D\source\Components\Camera\Camera2D.h(3,10): warning C4067: símbolos (token) inesperados después de la directiva del preprocesador; se esperaba una nueva línea
E:\VS\GoldEngine2D\source\Components\Camera\Camera2D.h(54,33): warning C4244: 'inicializando': conversión de 'double' a 'float'; posible pérdida de datos
E:\VS\GoldEngine2D\source\Components\Camera\Camera2D.h(55,33): warning C4244: 'inicializando': conversión de 'double' a 'float'; posible pérdida de datos
E:\VS\GoldEngine2D\source\Components\Camera\Camera2D.h(56,33): warning C4244: 'inicializando': conversión de 'double' a 'float'; posible pérdida de datos
E:\VS\GoldEngine2D\source\Components\SceneManager\SceneManager.cpp(2,10): warning C4067: símbolos (token) inesperados después de la directiva del preprocesador; se esperaba una nueva línea
E:\VS\GoldEngine2D\source\Components\SceneManager\SceneManager.cpp(44,15): warning C4267: 'inicializando': conversión de 'size_t' a 'int'; posible pérdida de datos
  BinderFunctions.cpp
E:\VS\GoldEngine2D\source\Graphics\RunEngine.h(1,10): warning C4067: símbolos (token) inesperados después de la directiva del preprocesador; se esperaba una nueva línea
E:\VS\GoldEngine2D\source\Graphics\RunEngine.h(2,10): warning C4067: símbolos (token) inesperados después de la directiva del preprocesador; se esperaba una nueva línea
E:\VS\GoldEngine2D\source\Components\Camera\Camera2D.h(3,10): warning C4067: símbolos (token) inesperados después de la directiva del preprocesador; se esperaba una nueva línea
E:\VS\GoldEngine2D\source\Components\Camera\Camera2D.h(54,33): warning C4244: 'inicializando': conversión de 'double' a 'float'; posible pérdida de datos
E:\VS\GoldEngine2D\source\Components\Camera\Camera2D.h(55,33): warning C4244: 'inicializando': conversión de 'double' a 'float'; posible pérdida de datos
E:\VS\GoldEngine2D\source\Components\Camera\Camera2D.h(56,33): warning C4244: 'inicializando': conversión de 'double' a 'float'; posible pérdida de datos
E:\VS\GoldEngine2D\source\Components\Physics\RigidBody.h(8,14): warning C4099: 'b2Body': nombre de tipo visto anteriormente usando 'class' ahora se ve usando 'struct'
E:\VS\GoldEngine2D\Binarys\include\box2d\b2_joint.h(29,7): message : vea la declaración de 'b2Body'
E:\VS\GoldEngine2D\source\Components\Physics\RigidBody.h(9,22): warning C4099: 'b2PolygonShape': nombre de tipo visto anteriormente usando 'class' ahora se ve usando 'struct'
E:\VS\GoldEngine2D\Binarys\include\box2d\b2_polygon_shape.h(34,14): message : vea la declaración de 'b2PolygonShape'
  CalculatorBinder.cpp
E:\VS\GoldEngine2D\source\Graphics\RunEngine.h(1,10): warning C4067: símbolos (token) inesperados después de la directiva del preprocesador; se esperaba una nueva línea
E:\VS\GoldEngine2D\source\Graphics\RunEngine.h(2,10): warning C4067: símbolos (token) inesperados después de la directiva del preprocesador; se esperaba una nueva línea
E:\VS\GoldEngine2D\source\Components\Camera\Camera2D.h(3,10): warning C4067: símbolos (token) inesperados después de la directiva del preprocesador; se esperaba una nueva línea
E:\VS\GoldEngine2D\source\Components\Camera\Camera2D.h(54,33): warning C4244: 'inicializando': conversión de 'double' a 'float'; posible pérdida de datos
E:\VS\GoldEngine2D\source\Components\Camera\Camera2D.h(55,33): warning C4244: 'inicializando': conversión de 'double' a 'float'; posible pérdida de datos
E:\VS\GoldEngine2D\source\Components\Camera\Camera2D.h(56,33): warning C4244: 'inicializando': conversión de 'double' a 'float'; posible pérdida de datos
E:\VS\GoldEngine2D\source\Components\Physics\RigidBody.h(8,14): warning C4099: 'b2Body': nombre de tipo visto anteriormente usando 'class' ahora se ve usando 'struct'
E:\VS\GoldEngine2D\Binarys\include\box2d\b2_joint.h(29,7): message : vea la declaración de 'b2Body'
E:\VS\GoldEngine2D\source\Components\Physics\RigidBody.h(9,22): warning C4099: 'b2PolygonShape': nombre de tipo visto anteriormente usando 'class' ahora se ve usando 'struct'
E:\VS\GoldEngine2D\Binarys\include\box2d\b2_polygon_shape.h(34,14): message : vea la declaración de 'b2PolygonShape'
  EntityBinder.cpp
E:\VS\GoldEngine2D\source\Graphics\RunEngine.h(1,10): warning C4067: símbolos (token) inesperados después de la directiva del preprocesador; se esperaba una nueva línea
E:\VS\GoldEngine2D\source\Graphics\RunEngine.h(2,10): warning C4067: símbolos (token) inesperados después de la directiva del preprocesador; se esperaba una nueva línea
E:\VS\GoldEngine2D\source\Components\Camera\Camera2D.h(3,10): warning C4067: símbolos (token) inesperados después de la directiva del preprocesador; se esperaba una nueva línea
E:\VS\GoldEngine2D\source\Components\Camera\Camera2D.h(54,33): warning C4244: 'inicializando': conversión de 'double' a 'float'; posible pérdida de datos
E:\VS\GoldEngine2D\source\Components\Camera\Camera2D.h(55,33): warning C4244: 'inicializando': conversión de 'double' a 'float'; posible pérdida de datos
E:\VS\GoldEngine2D\source\Components\Camera\Camera2D.h(56,33): warning C4244: 'inicializando': conversión de 'double' a 'float'; posible pérdida de datos
E:\VS\GoldEngine2D\source\Components\Physics\RigidBody.h(8,14): warning C4099: 'b2Body': nombre de tipo visto anteriormente usando 'class' ahora se ve usando 'struct'
E:\VS\GoldEngine2D\Binarys\include\box2d\b2_joint.h(29,7): message : vea la declaración de 'b2Body'
E:\VS\GoldEngine2D\source\Components\Physics\RigidBody.h(9,22): warning C4099: 'b2PolygonShape': nombre de tipo visto anteriormente usando 'class' ahora se ve usando 'struct'
E:\VS\GoldEngine2D\Binarys\include\box2d\b2_polygon_shape.h(34,14): message : vea la declaración de 'b2PolygonShape'
  InputBinder.cpp
E:\VS\GoldEngine2D\source\Graphics\RunEngine.h(1,10): warning C4067: símbolos (token) inesperados después de la directiva del preprocesador; se esperaba una nueva línea
E:\VS\GoldEngine2D\source\Graphics\RunEngine.h(2,10): warning C4067: símbolos (token) inesperados después de la directiva del preprocesador; se esperaba una nueva línea
E:\VS\GoldEngine2D\source\Components\Camera\Camera2D.h(3,10): warning C4067: símbolos (token) inesperados después de la directiva del preprocesador; se esperaba una nueva línea
E:\VS\GoldEngine2D\source\Components\Camera\Camera2D.h(54,33): warning C4244: 'inicializando': conversión de 'double' a 'float'; posible pérdida de datos
E:\VS\GoldEngine2D\source\Components\Camera\Camera2D.h(55,33): warning C4244: 'inicializando': conversión de 'double' a 'float'; posible pérdida de datos
E:\VS\GoldEngine2D\source\Components\Camera\Camera2D.h(56,33): warning C4244: 'inicializando': conversión de 'double' a 'float'; posible pérdida de datos
E:\VS\GoldEngine2D\source\Components\Physics\RigidBody.h(8,14): warning C4099: 'b2Body': nombre de tipo visto anteriormente usando 'class' ahora se ve usando 'struct'
E:\VS\GoldEngine2D\Binarys\include\box2d\b2_joint.h(29,7): message : vea la declaración de 'b2Body'
E:\VS\GoldEngine2D\source\Components\Physics\RigidBody.h(9,22): warning C4099: 'b2PolygonShape': nombre de tipo visto anteriormente usando 'class' ahora se ve usando 'struct'
E:\VS\GoldEngine2D\Binarys\include\box2d\b2_polygon_shape.h(34,14): message : vea la declaración de 'b2PolygonShape'
  GMathf.cpp
E:\VS\GoldEngine2D\source\Graphics\RunEngine.h(1,10): warning C4067: símbolos (token) inesperados después de la directiva del preprocesador; se esperaba una nueva línea
E:\VS\GoldEngine2D\source\Graphics\RunEngine.h(2,10): warning C4067: símbolos (token) inesperados después de la directiva del preprocesador; se esperaba una nueva línea
E:\VS\GoldEngine2D\source\Components\Camera\Camera2D.h(3,10): warning C4067: símbolos (token) inesperados después de la directiva del preprocesador; se esperaba una nueva línea
E:\VS\GoldEngine2D\source\Components\Camera\Camera2D.h(54,33): warning C4244: 'inicializando': conversión de 'double' a 'float'; posible pérdida de datos
E:\VS\GoldEngine2D\source\Components\Camera\Camera2D.h(55,33): warning C4244: 'inicializando': conversión de 'double' a 'float'; posible pérdida de datos
E:\VS\GoldEngine2D\source\Components\Camera\Camera2D.h(56,33): warning C4244: 'inicializando': conversión de 'double' a 'float'; posible pérdida de datos
E:\VS\GoldEngine2D\source\Components\Physics\RigidBody.h(8,14): warning C4099: 'b2Body': nombre de tipo visto anteriormente usando 'class' ahora se ve usando 'struct'
E:\VS\GoldEngine2D\Binarys\include\box2d\b2_joint.h(29,7): message : vea la declaración de 'b2Body'
E:\VS\GoldEngine2D\source\Components\Physics\RigidBody.h(9,22): warning C4099: 'b2PolygonShape': nombre de tipo visto anteriormente usando 'class' ahora se ve usando 'struct'
E:\VS\GoldEngine2D\Binarys\include\box2d\b2_polygon_shape.h(34,14): message : vea la declaración de 'b2PolygonShape'
E:\VS\GoldEngine2D\source\Components\Lib\GoldMath\GoldMathf.h(19,12): warning C4244: 'return': conversión de 'double' a 'float'; posible pérdida de datos
E:\VS\GoldEngine2D\source\Components\Lib\GoldMath\GoldMathf.h(53,10): warning C4244: 'return': conversión de 'int' a 'float'; posible pérdida de datos
E:\VS\GoldEngine2D\source\Components\Lib\GoldMath\GoldMathf.h(173,10): warning C4305: 'return': truncamiento de 'double' a 'float'
  ScriptCompiler.cpp
E:\VS\GoldEngine2D\source\Graphics\RunEngine.h(1,10): warning C4067: símbolos (token) inesperados después de la directiva del preprocesador; se esperaba una nueva línea
E:\VS\GoldEngine2D\source\Graphics\RunEngine.h(2,10): warning C4067: símbolos (token) inesperados después de la directiva del preprocesador; se esperaba una nueva línea
E:\VS\GoldEngine2D\source\Components\Camera\Camera2D.h(3,10): warning C4067: símbolos (token) inesperados después de la directiva del preprocesador; se esperaba una nueva línea
E:\VS\GoldEngine2D\source\Components\Camera\Camera2D.h(54,33): warning C4244: 'inicializando': conversión de 'double' a 'float'; posible pérdida de datos
E:\VS\GoldEngine2D\source\Components\Camera\Camera2D.h(55,33): warning C4244: 'inicializando': conversión de 'double' a 'float'; posible pérdida de datos
E:\VS\GoldEngine2D\source\Components\Camera\Camera2D.h(56,33): warning C4244: 'inicializando': conversión de 'double' a 'float'; posible pérdida de datos
E:\VS\GoldEngine2D\source\Components\Physics\RigidBody.h(8,14): warning C4099: 'b2Body': nombre de tipo visto anteriormente usando 'class' ahora se ve usando 'struct'
E:\VS\GoldEngine2D\Binarys\include\box2d\b2_joint.h(29,7): message : vea la declaración de 'b2Body'
E:\VS\GoldEngine2D\source\Components\Physics\RigidBody.h(9,22): warning C4099: 'b2PolygonShape': nombre de tipo visto anteriormente usando 'class' ahora se ve usando 'struct'
E:\VS\GoldEngine2D\Binarys\include\box2d\b2_polygon_shape.h(34,14): message : vea la declaración de 'b2PolygonShape'
  Skybox.cpp
E:\VS\GoldEngine2D\source\Components\Camera\Camera2D.h(3,10): warning C4067: símbolos (token) inesperados después de la directiva del preprocesador; se esperaba una nueva línea
E:\VS\GoldEngine2D\source\Components\Camera\Camera2D.h(54,33): warning C4244: 'inicializando': conversión de 'double' a 'float'; posible pérdida de datos
E:\VS\GoldEngine2D\source\Components\Camera\Camera2D.h(55,33): warning C4244: 'inicializando': conversión de 'double' a 'float'; posible pérdida de datos
E:\VS\GoldEngine2D\source\Components\Camera\Camera2D.h(56,33): warning C4244: 'inicializando': conversión de 'double' a 'float'; posible pérdida de datos
  SpriteComponent.cpp
E:\VS\GoldEngine2D\source\Components\Camera\Camera2D.h(3,10): warning C4067: símbolos (token) inesperados después de la directiva del preprocesador; se esperaba una nueva línea
E:\VS\GoldEngine2D\source\Components\Camera\Camera2D.h(54,33): warning C4244: 'inicializando': conversión de 'double' a 'float'; posible pérdida de datos
E:\VS\GoldEngine2D\source\Components\Camera\Camera2D.h(55,33): warning C4244: 'inicializando': conversión de 'double' a 'float'; posible pérdida de datos
E:\VS\GoldEngine2D\source\Components\Camera\Camera2D.h(56,33): warning C4244: 'inicializando': conversión de 'double' a 'float'; posible pérdida de datos
  PickingTexture.cpp
E:\VS\GoldEngine2D\source\Graphics\RunEngine.h(1,10): warning C4067: símbolos (token) inesperados después de la directiva del preprocesador; se esperaba una nueva línea
E:\VS\GoldEngine2D\source\Graphics\RunEngine.h(2,10): warning C4067: símbolos (token) inesperados después de la directiva del preprocesador; se esperaba una nueva línea
E:\VS\GoldEngine2D\source\Components\Camera\Camera2D.h(3,10): warning C4067: símbolos (token) inesperados después de la directiva del preprocesador; se esperaba una nueva línea
E:\VS\GoldEngine2D\source\Components\Camera\Camera2D.h(54,33): warning C4244: 'inicializando': conversión de 'double' a 'float'; posible pérdida de datos
E:\VS\GoldEngine2D\source\Components\Camera\Camera2D.h(55,33): warning C4244: 'inicializando': conversión de 'double' a 'float'; posible pérdida de datos
E:\VS\GoldEngine2D\source\Components\Camera\Camera2D.h(56,33): warning C4244: 'inicializando': conversión de 'double' a 'float'; posible pérdida de datos
E:\VS\GoldEngine2D\source\Components\Physics\RigidBody.h(8,14): warning C4099: 'b2Body': nombre de tipo visto anteriormente usando 'class' ahora se ve usando 'struct'
E:\VS\GoldEngine2D\Binarys\include\box2d\b2_joint.h(29,7): message : vea la declaración de 'b2Body'
E:\VS\GoldEngine2D\source\Components\Physics\RigidBody.h(9,22): warning C4099: 'b2PolygonShape': nombre de tipo visto anteriormente usando 'class' ahora se ve usando 'struct'
E:\VS\GoldEngine2D\Binarys\include\box2d\b2_polygon_shape.h(34,14): message : vea la declaración de 'b2PolygonShape'
  Generando código...
E:\VS\GoldEngine2D\source\Components\AudioSource\AudioSource.h(86): warning C4172: devolución de dirección de la variable local o temporal: ispl
E:\VS\GoldEngine2D\source\Components\AudioSource\AudioSource.h(80): warning C4172: devolución de dirección de la variable local o temporal: g
  Compilando...
  GoldEngineLib.cpp
E:\VS\GoldEngine2D\source\Graphics\RunEngine.h(1,10): warning C4067: símbolos (token) inesperados después de la directiva del preprocesador; se esperaba una nueva línea
E:\VS\GoldEngine2D\source\Graphics\RunEngine.h(2,10): warning C4067: símbolos (token) inesperados después de la directiva del preprocesador; se esperaba una nueva línea
E:\VS\GoldEngine2D\source\Components\Camera\Camera2D.h(3,10): warning C4067: símbolos (token) inesperados después de la directiva del preprocesador; se esperaba una nueva línea
E:\VS\GoldEngine2D\source\Components\Camera\Camera2D.h(54,33): warning C4244: 'inicializando': conversión de 'double' a 'float'; posible pérdida de datos
E:\VS\GoldEngine2D\source\Components\Camera\Camera2D.h(55,33): warning C4244: 'inicializando': conversión de 'double' a 'float'; posible pérdida de datos
E:\VS\GoldEngine2D\source\Components\Camera\Camera2D.h(56,33): warning C4244: 'inicializando': conversión de 'double' a 'float'; posible pérdida de datos
E:\VS\GoldEngine2D\source\Components\Physics\RigidBody.h(8,14): warning C4099: 'b2Body': nombre de tipo visto anteriormente usando 'class' ahora se ve usando 'struct'
E:\VS\GoldEngine2D\Binarys\include\box2d\b2_joint.h(29,7): message : vea la declaración de 'b2Body'
E:\VS\GoldEngine2D\source\Components\Physics\RigidBody.h(9,22): warning C4099: 'b2PolygonShape': nombre de tipo visto anteriormente usando 'class' ahora se ve usando 'struct'
E:\VS\GoldEngine2D\Binarys\include\box2d\b2_polygon_shape.h(34,14): message : vea la declaración de 'b2PolygonShape'
  RunEngine.cpp
E:\VS\GoldEngine2D\source\Graphics\RunEngine.h(1,10): warning C4067: símbolos (token) inesperados después de la directiva del preprocesador; se esperaba una nueva línea
E:\VS\GoldEngine2D\source\Graphics\RunEngine.h(2,10): warning C4067: símbolos (token) inesperados después de la directiva del preprocesador; se esperaba una nueva línea
E:\VS\GoldEngine2D\source\Components\Camera\Camera2D.h(3,10): warning C4067: símbolos (token) inesperados después de la directiva del preprocesador; se esperaba una nueva línea
E:\VS\GoldEngine2D\source\Components\Camera\Camera2D.h(54,33): warning C4244: 'inicializando': conversión de 'double' a 'float'; posible pérdida de datos
E:\VS\GoldEngine2D\source\Components\Camera\Camera2D.h(55,33): warning C4244: 'inicializando': conversión de 'double' a 'float'; posible pérdida de datos
E:\VS\GoldEngine2D\source\Components\Camera\Camera2D.h(56,33): warning C4244: 'inicializando': conversión de 'double' a 'float'; posible pérdida de datos
  StartEngineGraphics.cpp
E:\VS\GoldEngine2D\source\Components\Camera\Camera2D.h(3,10): warning C4067: símbolos (token) inesperados después de la directiva del preprocesador; se esperaba una nueva línea
E:\VS\GoldEngine2D\source\Components\Camera\Camera2D.h(54,33): warning C4244: 'inicializando': conversión de 'double' a 'float'; posible pérdida de datos
E:\VS\GoldEngine2D\source\Components\Camera\Camera2D.h(55,33): warning C4244: 'inicializando': conversión de 'double' a 'float'; posible pérdida de datos
E:\VS\GoldEngine2D\source\Components\Camera\Camera2D.h(56,33): warning C4244: 'inicializando': conversión de 'double' a 'float'; posible pérdida de datos
E:\VS\GoldEngine2D\source\Graphics\RunEngine.h(1,10): warning C4067: símbolos (token) inesperados después de la directiva del preprocesador; se esperaba una nueva línea
E:\VS\GoldEngine2D\source\Graphics\RunEngine.h(2,10): warning C4067: símbolos (token) inesperados después de la directiva del preprocesador; se esperaba una nueva línea
E:\VS\GoldEngine2D\source\Components\Physics\RigidBody.h(8,14): warning C4099: 'b2Body': nombre de tipo visto anteriormente usando 'class' ahora se ve usando 'struct'
E:\VS\GoldEngine2D\Binarys\include\box2d\b2_joint.h(29,7): message : vea la declaración de 'b2Body'
E:\VS\GoldEngine2D\source\Components\Physics\RigidBody.h(9,22): warning C4099: 'b2PolygonShape': nombre de tipo visto anteriormente usando 'class' ahora se ve usando 'struct'
E:\VS\GoldEngine2D\Binarys\include\box2d\b2_polygon_shape.h(34,14): message : vea la declaración de 'b2PolygonShape'
E:\VS\GoldEngine2D\source\Graphics\StartEngineGraphics.cpp(79,28): warning C4244: 'inicializando': conversión de 'double' a 'float'; posible pérdida de datos
  Generando código...
  GoldEngine.vcxproj -> E:\VS\GoldEngine2D\BuildCore\ZXCore.lib
