f:\visual studio\goldengine2d\buildcore\goldengine.pdb
f:\visual studio\goldengine2d\buildcore\goldengine.idb
f:\visual studio\goldengine2d\x64\debug\glad.obj
f:\visual studio\goldengine2d\x64\debug\binderfunctions.obj
f:\visual studio\goldengine2d\x64\debug\scenemanager.obj
f:\visual studio\goldengine2d\x64\debug\scene.obj
f:\visual studio\goldengine2d\x64\debug\triggermodule.obj
f:\visual studio\goldengine2d\x64\debug\rigidbody.obj
f:\visual studio\goldengine2d\x64\debug\cube2dmodel.obj
f:\visual studio\goldengine2d\x64\debug\inputsystem.obj
f:\visual studio\goldengine2d\x64\debug\ecs.obj
f:\visual studio\goldengine2d\x64\debug\componentmanager.obj
f:\visual studio\goldengine2d\x64\debug\drawbox.obj
f:\visual studio\goldengine2d\x64\debug\camera2d.obj
f:\visual studio\goldengine2d\x64\debug\audiosource.obj
f:\visual studio\goldengine2d\x64\debug\audiomanager.obj
f:\visual studio\goldengine2d\x64\debug\imgui_widgets.obj
f:\visual studio\goldengine2d\x64\debug\imgui_tables.obj
f:\visual studio\goldengine2d\x64\debug\imgui_impl_opengl3.obj
f:\visual studio\goldengine2d\x64\debug\imgui_impl_glfw.obj
f:\visual studio\goldengine2d\x64\debug\imgui_draw.obj
f:\visual studio\goldengine2d\x64\debug\imgui_demo.obj
f:\visual studio\goldengine2d\x64\debug\imgui.obj
f:\visual studio\goldengine2d\x64\debug\stbimplement.obj
f:\visual studio\goldengine2d\x64\debug\startenginegraphics.obj
f:\visual studio\goldengine2d\x64\debug\runengine.obj
f:\visual studio\goldengine2d\x64\debug\appsettings.obj
f:\visual studio\goldengine2d\x64\debug\goldenginelib.obj
f:\visual studio\goldengine2d\x64\debug\enginebehaviour.obj
f:\visual studio\goldengine2d\x64\debug\uiimplement.obj
f:\visual studio\goldengine2d\x64\debug\rendersystem.obj
f:\visual studio\goldengine2d\x64\debug\spritecomponent.obj
f:\visual studio\goldengine2d\x64\debug\shadercompiler.obj
f:\visual studio\goldengine2d\x64\debug\scriptcompiler.obj
f:\visual studio\goldengine2d\buildcore\goldengine.lib
f:\visual studio\goldengine2d\x64\debug\goldengine.res
f:\visual studio\goldengine2d\buildcore/goldengine.pdb
f:\visual studio\goldengine2d\x64\debug\goldengine.tlog\cl.command.1.tlog
f:\visual studio\goldengine2d\x64\debug\goldengine.tlog\cl.items.tlog
f:\visual studio\goldengine2d\x64\debug\goldengine.tlog\cl.read.1.tlog
f:\visual studio\goldengine2d\x64\debug\goldengine.tlog\cl.write.1.tlog
f:\visual studio\goldengine2d\x64\debug\goldengine.tlog\lib-link-cvtres.read.1.tlog
f:\visual studio\goldengine2d\x64\debug\goldengine.tlog\lib-link-cvtres.write.1.tlog
f:\visual studio\goldengine2d\x64\debug\goldengine.tlog\lib.command.1.tlog
f:\visual studio\goldengine2d\x64\debug\goldengine.tlog\rc.command.1.tlog
f:\visual studio\goldengine2d\x64\debug\goldengine.tlog\rc.read.1.tlog
f:\visual studio\goldengine2d\x64\debug\goldengine.tlog\rc.write.1.tlog
