e:\vs\goldengine2d\buildcore\zxcore.pdb
e:\vs\goldengine2d\buildcore\zxcore.idb
d:\vs\goldengine2d\buildcore\zxcore.pdb
d:\vs\goldengine2d\buildcore\zxcore.idb
d:\vs\goldengine2d\x64\debug\glad.obj
d:\vs\goldengine2d\x64\debug\light.obj
d:\vs\goldengine2d\x64\debug\goldmathf.obj
d:\vs\goldengine2d\x64\debug\filesystem.obj
d:\vs\goldengine2d\x64\debug\ecs.obj
d:\vs\goldengine2d\x64\debug\componentserializer.obj
d:\vs\goldengine2d\x64\debug\componentmanager.obj
d:\vs\goldengine2d\x64\debug\componentfactory.obj
d:\vs\goldengine2d\x64\debug\drawbox.obj
d:\vs\goldengine2d\x64\debug\camera2d.obj
d:\vs\goldengine2d\x64\debug\audiosource.obj
d:\vs\goldengine2d\x64\debug\audiomanager.obj
d:\vs\goldengine2d\x64\debug\animator2d.obj
d:\vs\goldengine2d\x64\debug\animationsstates.obj
d:\vs\goldengine2d\x64\debug\imgui_widgets.obj
d:\vs\goldengine2d\x64\debug\imgui_tables.obj
d:\vs\goldengine2d\x64\debug\imgui_impl_opengl3.obj
d:\vs\goldengine2d\x64\debug\imgui_impl_glfw.obj
d:\vs\goldengine2d\x64\debug\imgui_draw.obj
d:\vs\goldengine2d\x64\debug\imgui_demo.obj
d:\vs\goldengine2d\x64\debug\imgui.obj
d:\vs\goldengine2d\x64\debug\skybox.obj
d:\vs\goldengine2d\x64\debug\shader.obj
d:\vs\goldengine2d\x64\debug\scriptcompiler.obj
d:\vs\goldengine2d\x64\debug\gmathf.obj
d:\vs\goldengine2d\x64\debug\inputbinder.obj
d:\vs\goldengine2d\x64\debug\entitybinder.obj
d:\vs\goldengine2d\x64\debug\calculatorbinder.obj
d:\vs\goldengine2d\x64\debug\binderfunctions.obj
d:\vs\goldengine2d\x64\debug\scenemanager.obj
d:\vs\goldengine2d\x64\debug\scene.obj
d:\vs\goldengine2d\x64\debug\savesystem.obj
d:\vs\goldengine2d\x64\debug\checkvar.obj
d:\vs\goldengine2d\x64\debug\triggermodule.obj
d:\vs\goldengine2d\x64\debug\rigidbody3d.obj
d:\vs\goldengine2d\x64\debug\cast3d.obj
d:\vs\goldengine2d\x64\debug\boxcollider.obj
d:\vs\goldengine2d\x64\debug\texturemanager.obj
d:\vs\goldengine2d\x64\debug\model.obj
d:\vs\goldengine2d\x64\debug\mesh.obj
d:\vs\goldengine2d\x64\debug\stbimplement.obj
d:\vs\goldengine2d\x64\debug\startenginegraphics.obj
d:\vs\goldengine2d\x64\debug\runengine.obj
d:\vs\goldengine2d\x64\debug\appsettings.obj
d:\vs\goldengine2d\x64\debug\physicslib.obj
d:\vs\goldengine2d\x64\debug\goldenginelib.obj
d:\vs\goldengine2d\x64\debug\enginebehaviour.obj
d:\vs\goldengine2d\x64\debug\uiimplement.obj
d:\vs\goldengine2d\x64\debug\rendersystem.obj
d:\vs\goldengine2d\x64\debug\pickingtexture.obj
d:\vs\goldengine2d\x64\debug\spritecomponent.obj
d:\vs\goldengine2d\x64\debug\rigidbody.obj
d:\vs\goldengine2d\buildcore\zxcore.lib
d:\vs\goldengine2d\x64\debug\goldengine.res
d:\vs\goldengine2d\x64\debug\boundingbox.obj
d:\vs\goldengine2d\x64\debug\cube2dmodel.obj
d:\vs\goldengine2d\x64\debug\ebo.obj
d:\vs\goldengine2d\x64\debug\frustum.obj
d:\vs\goldengine2d\x64\debug\material.obj
d:\vs\goldengine2d\x64\debug\maths.obj
d:\vs\goldengine2d\x64\debug\plane.obj
d:\vs\goldengine2d\x64\debug\precompiled.obj
d:\vs\goldengine2d\x64\debug\ray.obj
d:\vs\goldengine2d\x64\debug\rect.obj
d:\vs\goldengine2d\x64\debug\shaderclass.obj
d:\vs\goldengine2d\x64\debug\texture.obj
d:\vs\goldengine2d\x64\debug\vao.obj
d:\vs\goldengine2d\x64\debug\vbo.obj
d:\vs\goldengine2d\x64\debug\light.obj.enc
d:\vs\goldengine2d\buildcore/zxcore.pdb
d:\vs\goldengine2d\x64\debug\zxcore.tlog\cl.command.1.tlog
d:\vs\goldengine2d\x64\debug\zxcore.tlog\cl.items.tlog
d:\vs\goldengine2d\x64\debug\zxcore.tlog\cl.read.1.tlog
d:\vs\goldengine2d\x64\debug\zxcore.tlog\cl.write.1.tlog
d:\vs\goldengine2d\x64\debug\zxcore.tlog\lib-link-cvtres.read.1.tlog
d:\vs\goldengine2d\x64\debug\zxcore.tlog\lib-link-cvtres.write.1.tlog
d:\vs\goldengine2d\x64\debug\zxcore.tlog\lib.command.1.tlog
d:\vs\goldengine2d\x64\debug\zxcore.tlog\rc.command.1.tlog
d:\vs\goldengine2d\x64\debug\zxcore.tlog\rc.read.1.tlog
d:\vs\goldengine2d\x64\debug\zxcore.tlog\rc.write.1.tlog
