f:\visual studio\goldengine2d\goldeditor\x64\debug\vc143.pdb
f:\visual studio\goldengine2d\goldeditor\x64\debug\vc143.idb
f:\visual studio\goldengine2d\goldeditor\x64\debug\glad.obj
f:\visual studio\goldengine2d\goldeditor\x64\debug\uidrawer.obj
f:\visual studio\goldengine2d\goldeditor\x64\debug\imgui_widgets.obj
f:\visual studio\goldengine2d\goldeditor\x64\debug\imgui_tables.obj
f:\visual studio\goldengine2d\goldeditor\x64\debug\imgui_impl_opengl3.obj
f:\visual studio\goldengine2d\goldeditor\x64\debug\imgui_impl_glfw.obj
f:\visual studio\goldengine2d\goldeditor\x64\debug\imgui_draw.obj
f:\visual studio\goldengine2d\goldeditor\x64\debug\imgui_demo.obj
f:\visual studio\goldengine2d\goldeditor\x64\debug\imgui.obj
f:\visual studio\goldengine2d\goldeditor\x64\debug\goldeditor.obj
f:\visual studio\goldengine2d\buildeditor\goldeditor.exe
f:\visual studio\goldengine2d\goldeditor\x64\debug\goldeditor.ilk
f:\visual studio\goldengine2d\buildeditor\goldeditor.pdb
f:\visual studio\goldengine2d\goldeditor\x64\debug\goldeditor.res
f:\visual studio\goldengine2d\buildeditor/goldeditor.pdb
f:\visual studio\goldengine2d\goldeditor\x64\debug\goldeditor.tlog\cl.command.1.tlog
f:\visual studio\goldengine2d\goldeditor\x64\debug\goldeditor.tlog\cl.items.tlog
f:\visual studio\goldengine2d\goldeditor\x64\debug\goldeditor.tlog\cl.read.1.tlog
f:\visual studio\goldengine2d\goldeditor\x64\debug\goldeditor.tlog\cl.write.1.tlog
f:\visual studio\goldengine2d\goldeditor\x64\debug\goldeditor.tlog\link.command.1.tlog
f:\visual studio\goldengine2d\goldeditor\x64\debug\goldeditor.tlog\link.read.1.tlog
f:\visual studio\goldengine2d\goldeditor\x64\debug\goldeditor.tlog\link.write.1.tlog
f:\visual studio\goldengine2d\goldeditor\x64\debug\goldeditor.tlog\rc.command.1.tlog
f:\visual studio\goldengine2d\goldeditor\x64\debug\goldeditor.tlog\rc.read.1.tlog
f:\visual studio\goldengine2d\goldeditor\x64\debug\goldeditor.tlog\rc.write.1.tlog
