e:\vs\goldengine2d\goldeditor\x64\debug\vc143.pdb
e:\vs\goldengine2d\goldeditor\x64\debug\vc143.idb
d:\vs\goldengine2d\goldeditor\x64\debug\vc143.pdb
d:\vs\goldengine2d\goldeditor\x64\debug\vc143.idb
d:\vs\goldengine2d\goldeditor\x64\debug\glad.obj
d:\vs\goldengine2d\goldeditor\x64\debug\canimator.obj
d:\vs\goldengine2d\goldeditor\x64\debug\componentlist.obj
d:\vs\goldengine2d\goldeditor\x64\debug\acomponent.obj
d:\vs\goldengine2d\goldeditor\x64\debug\movegizmos.obj
d:\vs\goldengine2d\goldeditor\x64\debug\gdgizmos.obj
d:\vs\goldengine2d\goldeditor\x64\debug\goldeditor.obj
d:\vs\goldengine2d\goldeditor\x64\debug\gamecompiler.obj
d:\vs\goldengine2d\goldeditor\x64\debug\savedata.obj
d:\vs\goldengine2d\goldeditor\x64\debug\imgui_widgets.obj
d:\vs\goldengine2d\goldeditor\x64\debug\imgui_tables.obj
d:\vs\goldengine2d\goldeditor\x64\debug\imgui_impl_opengl3.obj
d:\vs\goldengine2d\goldeditor\x64\debug\imgui_impl_glfw.obj
d:\vs\goldengine2d\goldeditor\x64\debug\imgui_draw.obj
d:\vs\goldengine2d\goldeditor\x64\debug\imgui_demo.obj
d:\vs\goldengine2d\goldeditor\x64\debug\imgui.obj
d:\vs\goldengine2d\goldeditor\x64\debug\imguizmo.obj
d:\vs\goldengine2d\goldeditor\x64\debug\imgui_node_editor_api.obj
d:\vs\goldengine2d\goldeditor\x64\debug\imgui_node_editor.obj
d:\vs\goldengine2d\goldeditor\x64\debug\imgui_canvas.obj
d:\vs\goldengine2d\goldeditor\x64\debug\crude_json.obj
d:\vs\goldengine2d\goldeditor\x64\debug\sceneui.obj
d:\vs\goldengine2d\goldeditor\x64\debug\rightclickui.obj
d:\vs\goldengine2d\goldeditor\x64\debug\inspector.obj
d:\vs\goldengine2d\goldeditor\x64\debug\hierarchy.obj
d:\vs\goldengine2d\goldeditor\x64\debug\camerasetting.obj
d:\vs\goldengine2d\goldeditor\x64\debug\barmenuui.obj
d:\vs\goldengine2d\goldeditor\x64\debug\assets.obj
d:\vs\goldengine2d\goldeditor\x64\debug\editorgui.obj
d:\vs\goldengine2d\goldeditor\x64\debug\childdraw.obj
d:\vs\goldengine2d\goldeditor\x64\debug\draganddrop.obj
d:\vs\goldengine2d\goldeditor\x64\debug\scripteditor.obj
d:\vs\goldengine2d\goldeditor\x64\debug\inspectorcomponents.obj
d:\vs\goldengine2d\goldeditor\x64\debug\drawcomponents.obj
d:\vs\goldengine2d\goldeditor\x64\debug\componentuidrawer.obj
d:\vs\goldengine2d\goldeditor\x64\debug\csprite.obj
d:\vs\goldengine2d\goldeditor\x64\debug\cscript.obj
d:\vs\goldengine2d\goldeditor\x64\debug\crigidbody3d.obj
d:\vs\goldengine2d\goldeditor\x64\debug\crigidbody.obj
d:\vs\goldengine2d\goldeditor\x64\debug\cboxcollider3d.obj
d:\vs\goldengine2d\goldeditor\x64\debug\caudio.obj
d:\vs\goldengine2d\goldeditor\x64\debug\uimanager.obj
d:\vs\goldengine2d\goldeditor\x64\debug\uidrawer.obj
d:\vs\goldengine2d\goldeditor\x64\debug\nodeui.obj
d:\vs\goldengine2d\buildhub\editor\zxeditor.exe
d:\vs\goldengine2d\goldeditor\x64\debug\zxeditor.ilk
d:\vs\goldengine2d\buildhub\editor\zxeditor.pdb
d:\vs\goldengine2d\goldeditor\x64\debug\goldeditor.res
e:\visual studio\goldengine2d\buildhub\editor\physxfoundation_64.dll
e:\visual studio\goldengine2d\buildhub\editor\physx_64.dll
e:\visual studio\goldengine2d\buildhub\editor\physxcommon_64.dll
d:\vs\goldengine2d\goldeditor\x64\debug\clew.obj
d:\vs\goldengine2d\goldeditor\x64\debug\goldeditor.ilk
d:\vs\goldengine2d\buildhub/editor\zxeditor.pdb
d:\vs\goldengine2d\goldeditor\x64\debug\zxeditor.tlog\cl.command.1.tlog
d:\vs\goldengine2d\goldeditor\x64\debug\zxeditor.tlog\cl.items.tlog
d:\vs\goldengine2d\goldeditor\x64\debug\zxeditor.tlog\cl.read.1.tlog
d:\vs\goldengine2d\goldeditor\x64\debug\zxeditor.tlog\cl.write.1.tlog
d:\vs\goldengine2d\goldeditor\x64\debug\zxeditor.tlog\link.command.1.tlog
d:\vs\goldengine2d\goldeditor\x64\debug\zxeditor.tlog\link.read.1.tlog
d:\vs\goldengine2d\goldeditor\x64\debug\zxeditor.tlog\link.write.1.tlog
d:\vs\goldengine2d\goldeditor\x64\debug\zxeditor.tlog\rc.command.1.tlog
d:\vs\goldengine2d\goldeditor\x64\debug\zxeditor.tlog\rc.read.1.tlog
d:\vs\goldengine2d\goldeditor\x64\debug\zxeditor.tlog\rc.write.1.tlog
d:\vs\goldengine2d\goldeditor\x64\debug\zxeditor.tlog\zxeditor.write.1u.tlog
