E:\VS2022IDE\MSBuild\Microsoft\VC\v170\Microsoft.CppBuild.targets(517,5): warning MSB8004: El directorio Output no termina con una barra diagonal final. Esta instancia de compilación agregará la barra diagonal porque es necesaria para que se pueda evaluar correctamente el directorio Output.
  SaveData.cpp
F:\VISUAL STUDIO\GoldEngine2D\source\Graphics\RunEngine.h(1,10): warning C4067: símbolos (token) inesperados después de la directiva del preprocesador; se esperaba una nueva línea
F:\VISUAL STUDIO\GoldEngine2D\source\Graphics\RunEngine.h(2,10): warning C4067: símbolos (token) inesperados después de la directiva del preprocesador; se esperaba una nueva línea
F:\VISUAL STUDIO\GoldEngine2D\source\Components\Camera\Camera2D.h(3,10): warning C4067: símbolos (token) inesperados después de la directiva del preprocesador; se esperaba una nueva línea
F:\VISUAL STUDIO\GoldEngine2D\source\Components\Camera\Camera2D.h(40,33): warning C4244: 'inicializando': conversión de 'double' a 'float'; posible pérdida de datos
F:\VISUAL STUDIO\GoldEngine2D\source\Components\Camera\Camera2D.h(41,33): warning C4244: 'inicializando': conversión de 'double' a 'float'; posible pérdida de datos
F:\VISUAL STUDIO\GoldEngine2D\source\Components\Camera\Camera2D.h(42,33): warning C4244: 'inicializando': conversión de 'double' a 'float'; posible pérdida de datos
F:\VISUAL STUDIO\GoldEngine2D\source\Components\Physics\RigidBody.h(8,14): warning C4099: 'b2Body': nombre de tipo visto anteriormente usando 'class' ahora se ve usando 'struct'
F:\VISUAL STUDIO\GoldEngine2D\Binarys\include\box2d\b2_joint.h(29,7): message : vea la declaración de 'b2Body'
F:\VISUAL STUDIO\GoldEngine2D\source\Components\Physics\RigidBody.h(9,22): warning C4099: 'b2PolygonShape': nombre de tipo visto anteriormente usando 'class' ahora se ve usando 'struct'
F:\VISUAL STUDIO\GoldEngine2D\Binarys\include\box2d\b2_polygon_shape.h(34,14): message : vea la declaración de 'b2PolygonShape'
  GoldGame.cpp
F:\VISUAL STUDIO\GoldEngine2D\source\Graphics\RunEngine.h(1,10): warning C4067: símbolos (token) inesperados después de la directiva del preprocesador; se esperaba una nueva línea
F:\VISUAL STUDIO\GoldEngine2D\source\Graphics\RunEngine.h(2,10): warning C4067: símbolos (token) inesperados después de la directiva del preprocesador; se esperaba una nueva línea
F:\VISUAL STUDIO\GoldEngine2D\source\Components\Camera\Camera2D.h(3,10): warning C4067: símbolos (token) inesperados después de la directiva del preprocesador; se esperaba una nueva línea
F:\VISUAL STUDIO\GoldEngine2D\source\Components\Camera\Camera2D.h(40,33): warning C4244: 'inicializando': conversión de 'double' a 'float'; posible pérdida de datos
F:\VISUAL STUDIO\GoldEngine2D\source\Components\Camera\Camera2D.h(41,33): warning C4244: 'inicializando': conversión de 'double' a 'float'; posible pérdida de datos
F:\VISUAL STUDIO\GoldEngine2D\source\Components\Camera\Camera2D.h(42,33): warning C4244: 'inicializando': conversión de 'double' a 'float'; posible pérdida de datos
F:\VISUAL STUDIO\GoldEngine2D\source\Components\Physics\RigidBody.h(8,14): warning C4099: 'b2Body': nombre de tipo visto anteriormente usando 'class' ahora se ve usando 'struct'
F:\VISUAL STUDIO\GoldEngine2D\Binarys\include\box2d\b2_joint.h(29,7): message : vea la declaración de 'b2Body'
F:\VISUAL STUDIO\GoldEngine2D\source\Components\Physics\RigidBody.h(9,22): warning C4099: 'b2PolygonShape': nombre de tipo visto anteriormente usando 'class' ahora se ve usando 'struct'
F:\VISUAL STUDIO\GoldEngine2D\Binarys\include\box2d\b2_polygon_shape.h(34,14): message : vea la declaración de 'b2PolygonShape'
  Generando código...
box2d.lib(b2_contact_solver.obj) : warning LNK4099: no se encontró PDB '' con 'box2d.lib(b2_contact_solver.obj)' o en ''; se vinculará el objeto sin tener en cuenta información de depuración
  GoldGame.vcxproj -> F:\VISUAL STUDIO\GoldEngine2D\BuildHub\Editor\DATA\WINCOMPILER\GoldGame.exe
